<?xml version="1.0" encoding="UTF-8"?>
<testng-results skipped="0" failed="0" ignored="0" total="0" passed="0">
  <reporter-output>
  </reporter-output>
  <suite name="Surefire suite" duration-ms="2697" started-at="2022-03-25T16:26:11 CAT" finished-at="2022-03-25T16:26:14 CAT">
    <groups>
    </groups>
    <test name="Surefire test" duration-ms="2697" started-at="2022-03-25T16:26:11 CAT" finished-at="2022-03-25T16:26:14 CAT">
    </test> <!-- Surefire test -->
  </suite> <!-- Surefire suite -->
</testng-results>
